Analysis & Synthesis report for Lab1Demo
Wed Apr 17 23:19:45 2019
Quartus Prime Version 17.0.0 Build 595 04/25/2017 SJ Lite Edition


---------------------
; Table of Contents ;
---------------------
  1. Legal Notice
  2. Analysis & Synthesis Summary
  3. Analysis & Synthesis Settings
  4. Parallel Compilation
  5. Analysis & Synthesis IP Cores Summary
  6. Source assignments for sld_signaltap:auto_signaltap_0
  7. Parameter Settings for User Entity Instance: square_object:inst6
  8. Parameter Settings for User Entity Instance: smileyface_move:inst1
  9. Parameter Settings for User Entity Instance: TOP_KBD_DEMOALL:inst8|TOP_KBDINTF:inst|lpf:cleaner
 10. Parameter Settings for User Entity Instance: TOP_KBD_DEMOALL:inst8|spaceBarConst:inst3|lpm_constant:LPM_CONSTANT_component
 11. Parameter Settings for User Entity Instance: TOP_KBD_DEMOALL:inst8|rightArrowConst:inst4|lpm_constant:LPM_CONSTANT_component
 12. Parameter Settings for User Entity Instance: TOP_KBD_DEMOALL:inst8|leftArrowConst:inst2|lpm_constant:LPM_CONSTANT_component
 13. Parameter Settings for Inferred Entity Instance: sld_signaltap:auto_signaltap_0
 14. Analysis & Synthesis Messages
 15. Analysis & Synthesis Suppressed Messages



----------------
; Legal Notice ;
----------------
Copyright (C) 2017  Intel Corporation. All rights reserved.
Your use of Intel Corporation's design tools, logic functions 
and other software and tools, and its AMPP partner logic 
functions, and any output files from any of the foregoing 
(including device programming or simulation files), and any 
associated documentation or information are expressly subject 
to the terms and conditions of the Intel Program License 
Subscription Agreement, the Intel Quartus Prime License Agreement,
the Intel MegaCore Function License Agreement, or other 
applicable license agreement, including, without limitation, 
that your use is for the sole purpose of programming logic 
devices manufactured by Intel and sold by Intel or its 
authorized distributors.  Please refer to the applicable 
agreement for further details.



+---------------------------------------------------------------------------+
; Analysis & Synthesis Summary                                              ;
+-----------------------------+---------------------------------------------+
; Analysis & Synthesis Status ; Failed - Wed Apr 17 23:19:45 2019           ;
; Quartus Prime Version       ; 17.0.0 Build 595 04/25/2017 SJ Lite Edition ;
; Revision Name               ; Lab1Demo                                    ;
; Top-level Entity Name       ; TOP_VGA_DEMO_WITH_MSS_ALL                   ;
; Family                      ; Cyclone V                                   ;
; Logic utilization (in ALMs) ; N/A until Partition Merge                   ;
; Total registers             ; N/A until Partition Merge                   ;
; Total pins                  ; N/A until Partition Merge                   ;
; Total virtual pins          ; N/A until Partition Merge                   ;
; Total block memory bits     ; N/A until Partition Merge                   ;
; Total PLLs                  ; N/A until Partition Merge                   ;
; Total DLLs                  ; N/A until Partition Merge                   ;
+-----------------------------+---------------------------------------------+


+----------------------------------------------------------------------------------------------------------------------------------+
; Analysis & Synthesis Settings                                                                                                    ;
+---------------------------------------------------------------------------------+---------------------------+--------------------+
; Option                                                                          ; Setting                   ; Default Value      ;
+---------------------------------------------------------------------------------+---------------------------+--------------------+
; Device                                                                          ; 5CSXFC6D6F31C6            ;                    ;
; Top-level entity name                                                           ; TOP_VGA_DEMO_WITH_MSS_ALL ; Lab1Demo           ;
; Family name                                                                     ; Cyclone V                 ; Cyclone V          ;
; Use smart compilation                                                           ; On                        ; Off                ;
; Maximum processors allowed for parallel compilation                             ; All                       ;                    ;
; Enable parallel Assembler and TimeQuest Timing Analyzer during compilation      ; On                        ; On                 ;
; Enable compact report table                                                     ; Off                       ; Off                ;
; Restructure Multiplexers                                                        ; Auto                      ; Auto               ;
; MLAB Add Timing Constraints For Mixed-Port Feed-Through Mode Setting Don't Care ; Off                       ; Off                ;
; Create Debugging Nodes for IP Cores                                             ; Off                       ; Off                ;
; Preserve fewer node names                                                       ; On                        ; On                 ;
; OpenCore Plus hardware evaluation                                               ; Enable                    ; Enable             ;
; Verilog Version                                                                 ; Verilog_2001              ; Verilog_2001       ;
; VHDL Version                                                                    ; VHDL_1993                 ; VHDL_1993          ;
; State Machine Processing                                                        ; Auto                      ; Auto               ;
; Safe State Machine                                                              ; Off                       ; Off                ;
; Extract Verilog State Machines                                                  ; On                        ; On                 ;
; Extract VHDL State Machines                                                     ; On                        ; On                 ;
; Ignore Verilog initial constructs                                               ; Off                       ; Off                ;
; Iteration limit for constant Verilog loops                                      ; 5000                      ; 5000               ;
; Iteration limit for non-constant Verilog loops                                  ; 250                       ; 250                ;
; Add Pass-Through Logic to Inferred RAMs                                         ; On                        ; On                 ;
; Infer RAMs from Raw Logic                                                       ; On                        ; On                 ;
; Parallel Synthesis                                                              ; On                        ; On                 ;
; DSP Block Balancing                                                             ; Auto                      ; Auto               ;
; NOT Gate Push-Back                                                              ; On                        ; On                 ;
; Power-Up Don't Care                                                             ; On                        ; On                 ;
; Remove Redundant Logic Cells                                                    ; Off                       ; Off                ;
; Remove Duplicate Registers                                                      ; On                        ; On                 ;
; Ignore CARRY Buffers                                                            ; Off                       ; Off                ;
; Ignore CASCADE Buffers                                                          ; Off                       ; Off                ;
; Ignore GLOBAL Buffers                                                           ; Off                       ; Off                ;
; Ignore ROW GLOBAL Buffers                                                       ; Off                       ; Off                ;
; Ignore LCELL Buffers                                                            ; Off                       ; Off                ;
; Ignore SOFT Buffers                                                             ; On                        ; On                 ;
; Limit AHDL Integers to 32 Bits                                                  ; Off                       ; Off                ;
; Optimization Technique                                                          ; Balanced                  ; Balanced           ;
; Carry Chain Length                                                              ; 70                        ; 70                 ;
; Auto Carry Chains                                                               ; On                        ; On                 ;
; Auto Open-Drain Pins                                                            ; On                        ; On                 ;
; Perform WYSIWYG Primitive Resynthesis                                           ; Off                       ; Off                ;
; Auto ROM Replacement                                                            ; On                        ; On                 ;
; Auto RAM Replacement                                                            ; On                        ; On                 ;
; Auto DSP Block Replacement                                                      ; On                        ; On                 ;
; Auto Shift Register Replacement                                                 ; Auto                      ; Auto               ;
; Allow Shift Register Merging across Hierarchies                                 ; Auto                      ; Auto               ;
; Auto Clock Enable Replacement                                                   ; On                        ; On                 ;
; Strict RAM Replacement                                                          ; Off                       ; Off                ;
; Allow Synchronous Control Signals                                               ; On                        ; On                 ;
; Force Use of Synchronous Clear Signals                                          ; Off                       ; Off                ;
; Auto Resource Sharing                                                           ; Off                       ; Off                ;
; Allow Any RAM Size For Recognition                                              ; Off                       ; Off                ;
; Allow Any ROM Size For Recognition                                              ; Off                       ; Off                ;
; Allow Any Shift Register Size For Recognition                                   ; Off                       ; Off                ;
; Use LogicLock Constraints during Resource Balancing                             ; On                        ; On                 ;
; Ignore translate_off and synthesis_off directives                               ; Off                       ; Off                ;
; Timing-Driven Synthesis                                                         ; On                        ; On                 ;
; Report Parameter Settings                                                       ; On                        ; On                 ;
; Report Source Assignments                                                       ; On                        ; On                 ;
; Report Connectivity Checks                                                      ; On                        ; On                 ;
; Ignore Maximum Fan-Out Assignments                                              ; Off                       ; Off                ;
; Synchronization Register Chain Length                                           ; 3                         ; 3                  ;
; PowerPlay Power Optimization During Synthesis                                   ; Normal compilation        ; Normal compilation ;
; HDL message level                                                               ; Level2                    ; Level2             ;
; Suppress Register Optimization Related Messages                                 ; Off                       ; Off                ;
; Number of Removed Registers Reported in Synthesis Report                        ; 5000                      ; 5000               ;
; Number of Swept Nodes Reported in Synthesis Report                              ; 5000                      ; 5000               ;
; Number of Inverted Registers Reported in Synthesis Report                       ; 100                       ; 100                ;
; Clock MUX Protection                                                            ; On                        ; On                 ;
; Auto Gated Clock Conversion                                                     ; Off                       ; Off                ;
; Block Design Naming                                                             ; Auto                      ; Auto               ;
; SDC constraint protection                                                       ; Off                       ; Off                ;
; Synthesis Effort                                                                ; Auto                      ; Auto               ;
; Shift Register Replacement - Allow Asynchronous Clear Signal                    ; On                        ; On                 ;
; Pre-Mapping Resynthesis Optimization                                            ; Off                       ; Off                ;
; Analysis & Synthesis Message Level                                              ; Medium                    ; Medium             ;
; Disable Register Merging Across Hierarchies                                     ; Auto                      ; Auto               ;
; Resource Aware Inference For Block RAM                                          ; On                        ; On                 ;
; Automatic Parallel Synthesis                                                    ; On                        ; On                 ;
; Partial Reconfiguration Bitstream ID                                            ; Off                       ; Off                ;
+---------------------------------------------------------------------------------+---------------------------+--------------------+


+------------------------------------------+
; Parallel Compilation                     ;
+----------------------------+-------------+
; Processors                 ; Number      ;
+----------------------------+-------------+
; Number detected on machine ; 8           ;
; Maximum allowed            ; 4           ;
;                            ;             ;
; Average used               ; 1.00        ;
; Maximum used               ; 1           ;
;                            ;             ;
; Usage by Processor         ; % Time Used ;
;     Processor 1            ; 100.0%      ;
+----------------------------+-------------+


+------------------------------------------------------------------------------------------------------------------------------------------------------------------------------------------------------------------------------------------------------------------------------------------------------------------------------------------------------------------------------------+
; Analysis & Synthesis IP Cores Summary                                                                                                                                                                                                                                                                                                                                              ;
+--------+--------------+---------+--------------+--------------+------------------------------------------------------------------------------------------------------------------------------------------------------------------------------------------------------------------------------------------------------------------------------------------------+-------------------+
; Vendor ; IP Core Name ; Version ; Release Date ; License Type ; Entity Instance                                                                                                                                                                                                                                                                                ; IP Include File   ;
+--------+--------------+---------+--------------+--------------+------------------------------------------------------------------------------------------------------------------------------------------------------------------------------------------------------------------------------------------------------------------------------------------------+-------------------+
; Altera ; Signal Tap   ; N/A     ; N/A          ; Licensed     ; |TOP_VGA_DEMO_WITH_MSS_ALL|sld_hub:auto_hub|alt_sld_fab_with_jtag_input:\instrumentation_fabric_with_node_gen:fabric_gen_new_way:with_jtag_input_gen:instrumentation_fabric|alt_sld_fab:instrumentation_fabric                                                                                 ;                   ;
; Altera ; Signal Tap   ; N/A     ; N/A          ; Licensed     ; |TOP_VGA_DEMO_WITH_MSS_ALL|sld_hub:auto_hub|alt_sld_fab_with_jtag_input:\instrumentation_fabric_with_node_gen:fabric_gen_new_way:with_jtag_input_gen:instrumentation_fabric|alt_sld_fab:instrumentation_fabric|alt_sld_fab_alt_sld_fab:alt_sld_fab                                             ;                   ;
; Altera ; Signal Tap   ; N/A     ; N/A          ; Licensed     ; |TOP_VGA_DEMO_WITH_MSS_ALL|sld_hub:auto_hub|alt_sld_fab_with_jtag_input:\instrumentation_fabric_with_node_gen:fabric_gen_new_way:with_jtag_input_gen:instrumentation_fabric|alt_sld_fab:instrumentation_fabric|alt_sld_fab_alt_sld_fab:alt_sld_fab|alt_sld_fab_alt_sld_fab_presplit:presplit   ;                   ;
; Altera ; Signal Tap   ; N/A     ; N/A          ; Licensed     ; |TOP_VGA_DEMO_WITH_MSS_ALL|sld_hub:auto_hub|alt_sld_fab_with_jtag_input:\instrumentation_fabric_with_node_gen:fabric_gen_new_way:with_jtag_input_gen:instrumentation_fabric|alt_sld_fab:instrumentation_fabric|alt_sld_fab_alt_sld_fab:alt_sld_fab|alt_sld_fab_alt_sld_fab_sldfabric:sldfabric ;                   ;
; Altera ; Signal Tap   ; N/A     ; N/A          ; Licensed     ; |TOP_VGA_DEMO_WITH_MSS_ALL|sld_hub:auto_hub|alt_sld_fab_with_jtag_input:\instrumentation_fabric_with_node_gen:fabric_gen_new_way:with_jtag_input_gen:instrumentation_fabric|alt_sld_fab:instrumentation_fabric|alt_sld_fab_alt_sld_fab:alt_sld_fab|alt_sld_fab_alt_sld_fab_splitter:splitter   ;                   ;
; Altera ; LPM_CONSTANT ; 17.0    ; N/A          ; N/A          ; |TOP_VGA_DEMO_WITH_MSS_ALL|TOP_KBD_DEMOALL:inst8|leftArrowConst:inst2                                                                                                                                                                                                                          ; leftArrowConst.v  ;
; Altera ; LPM_CONSTANT ; 17.0    ; N/A          ; N/A          ; |TOP_VGA_DEMO_WITH_MSS_ALL|TOP_KBD_DEMOALL:inst8|spaceBarConst:inst3                                                                                                                                                                                                                           ; spaceBarConst.v   ;
; Altera ; LPM_CONSTANT ; 17.0    ; N/A          ; N/A          ; |TOP_VGA_DEMO_WITH_MSS_ALL|TOP_KBD_DEMOALL:inst8|rightArrowConst:inst4                                                                                                                                                                                                                         ; rightArrowConst.v ;
+--------+--------------+---------+--------------+--------------+------------------------------------------------------------------------------------------------------------------------------------------------------------------------------------------------------------------------------------------------------------------------------------------------+-------------------+


+-------------------------------------------------------+
; Source assignments for sld_signaltap:auto_signaltap_0 ;
+-----------------+-------+------+----------------------+
; Assignment      ; Value ; From ; To                   ;
+-----------------+-------+------+----------------------+
; MESSAGE_DISABLE ; 13410 ; -    ; -                    ;
+-----------------+-------+------+----------------------+


+------------------------------------------------------------------+
; Parameter Settings for User Entity Instance: square_object:inst6 ;
+-----------------+----------+-------------------------------------+
; Parameter Name  ; Value    ; Type                                ;
+-----------------+----------+-------------------------------------+
; OBJECT_WIDTH_X  ; 52       ; Signed Integer                      ;
; OBJECT_HEIGHT_Y ; 52       ; Signed Integer                      ;
; OBJECT_COLOR    ; 01011011 ; Unsigned Binary                     ;
+-----------------+----------+-------------------------------------+
Note: In order to hide this table in the UI and the text report file, please set the "Show Parameter Settings in Synthesis Report" option in "Analysis and Synthesis Settings -> More Settings" to "Off".


+--------------------------------------------------------------------+
; Parameter Settings for User Entity Instance: smileyface_move:inst1 ;
+-----------------+-------+------------------------------------------+
; Parameter Name  ; Value ; Type                                     ;
+-----------------+-------+------------------------------------------+
; INITIAL_X       ; 280   ; Signed Integer                           ;
; INITIAL_Y       ; 185   ; Signed Integer                           ;
; INITIAL_X_SPEED ; 30    ; Signed Integer                           ;
; INITIAL_Y_SPEED ; 20    ; Signed Integer                           ;
; Y_ACCEL         ; -1    ; Signed Integer                           ;
+-----------------+-------+------------------------------------------+
Note: In order to hide this table in the UI and the text report file, please set the "Show Parameter Settings in Synthesis Report" option in "Analysis and Synthesis Settings -> More Settings" to "Off".


+-------------------------------------------------------------------------------------------------+
; Parameter Settings for User Entity Instance: TOP_KBD_DEMOALL:inst8|TOP_KBDINTF:inst|lpf:cleaner ;
+----------------+-------+------------------------------------------------------------------------+
; Parameter Name ; Value ; Type                                                                   ;
+----------------+-------+------------------------------------------------------------------------+
; FILTER_SIZE    ; 4     ; Signed Integer                                                         ;
+----------------+-------+------------------------------------------------------------------------+
Note: In order to hide this table in the UI and the text report file, please set the "Show Parameter Settings in Synthesis Report" option in "Analysis and Synthesis Settings -> More Settings" to "Off".


+----------------------------------------------------------------------------------------------------------------------------+
; Parameter Settings for User Entity Instance: TOP_KBD_DEMOALL:inst8|spaceBarConst:inst3|lpm_constant:LPM_CONSTANT_component ;
+--------------------+------------------+------------------------------------------------------------------------------------+
; Parameter Name     ; Value            ; Type                                                                               ;
+--------------------+------------------+------------------------------------------------------------------------------------+
; LPM_WIDTH          ; 9                ; Signed Integer                                                                     ;
; LPM_CVALUE         ; 41               ; Signed Integer                                                                     ;
; ENABLE_RUNTIME_MOD ; YES              ; Untyped                                                                            ;
; CBXI_PARAMETER     ; lpm_constant_mb8 ; Untyped                                                                            ;
+--------------------+------------------+------------------------------------------------------------------------------------+
Note: In order to hide this table in the UI and the text report file, please set the "Show Parameter Settings in Synthesis Report" option in "Analysis and Synthesis Settings -> More Settings" to "Off".


+------------------------------------------------------------------------------------------------------------------------------+
; Parameter Settings for User Entity Instance: TOP_KBD_DEMOALL:inst8|rightArrowConst:inst4|lpm_constant:LPM_CONSTANT_component ;
+--------------------+------------------+--------------------------------------------------------------------------------------+
; Parameter Name     ; Value            ; Type                                                                                 ;
+--------------------+------------------+--------------------------------------------------------------------------------------+
; LPM_WIDTH          ; 9                ; Signed Integer                                                                       ;
; LPM_CVALUE         ; 116              ; Signed Integer                                                                       ;
; ENABLE_RUNTIME_MOD ; YES              ; Untyped                                                                              ;
; CBXI_PARAMETER     ; lpm_constant_jb8 ; Untyped                                                                              ;
+--------------------+------------------+--------------------------------------------------------------------------------------+
Note: In order to hide this table in the UI and the text report file, please set the "Show Parameter Settings in Synthesis Report" option in "Analysis and Synthesis Settings -> More Settings" to "Off".


+-----------------------------------------------------------------------------------------------------------------------------+
; Parameter Settings for User Entity Instance: TOP_KBD_DEMOALL:inst8|leftArrowConst:inst2|lpm_constant:LPM_CONSTANT_component ;
+--------------------+------------------+-------------------------------------------------------------------------------------+
; Parameter Name     ; Value            ; Type                                                                                ;
+--------------------+------------------+-------------------------------------------------------------------------------------+
; LPM_WIDTH          ; 9                ; Signed Integer                                                                      ;
; LPM_CVALUE         ; 107              ; Signed Integer                                                                      ;
; ENABLE_RUNTIME_MOD ; YES              ; Untyped                                                                             ;
; CBXI_PARAMETER     ; lpm_constant_qc8 ; Untyped                                                                             ;
+--------------------+------------------+-------------------------------------------------------------------------------------+
Note: In order to hide this table in the UI and the text report file, please set the "Show Parameter Settings in Synthesis Report" option in "Analysis and Synthesis Settings -> More Settings" to "Off".


+--------------------------------------------------------------------------------------------------------------------------------------+
; Parameter Settings for Inferred Entity Instance: sld_signaltap:auto_signaltap_0                                                      ;
+-------------------------------------------------+-------------------------------------------------------------------+----------------+
; Parameter Name                                  ; Value                                                             ; Type           ;
+-------------------------------------------------+-------------------------------------------------------------------+----------------+
; lpm_type                                        ; sld_signaltap                                                     ; String         ;
; sld_node_info                                   ; 805334528                                                         ; Untyped        ;
; SLD_SECTION_ID                                  ; hdl_signaltap_0                                                   ; String         ;
; SLD_IP_VERSION                                  ; 6                                                                 ; Signed Integer ;
; SLD_IP_MINOR_VERSION                            ; 0                                                                 ; Signed Integer ;
; SLD_COMMON_IP_VERSION                           ; 0                                                                 ; Signed Integer ;
; sld_data_bits                                   ; 12                                                                ; Untyped        ;
; sld_trigger_bits                                ; 12                                                                ; Untyped        ;
; SLD_NODE_CRC_BITS                               ; 32                                                                ; Signed Integer ;
; SLD_NODE_CRC_HIWORD                             ; 41394                                                             ; Signed Integer ;
; SLD_NODE_CRC_LOWORD                             ; 50132                                                             ; Signed Integer ;
; sld_incremental_routing                         ; 1                                                                 ; Untyped        ;
; sld_sample_depth                                ; 32768                                                             ; Untyped        ;
; sld_segment_size                                ; 32768                                                             ; Untyped        ;
; sld_ram_block_type                              ; AUTO                                                              ; Untyped        ;
; sld_state_bits                                  ; 11                                                                ; Untyped        ;
; sld_buffer_full_stop                            ; 1                                                                 ; Untyped        ;
; SLD_MEM_ADDRESS_BITS                            ; 7                                                                 ; Signed Integer ;
; SLD_DATA_BIT_CNTR_BITS                          ; 4                                                                 ; Signed Integer ;
; sld_trigger_level                               ; 1                                                                 ; Untyped        ;
; sld_trigger_in_enabled                          ; 0                                                                 ; Untyped        ;
; SLD_HPS_TRIGGER_IN_ENABLED                      ; 0                                                                 ; Signed Integer ;
; SLD_HPS_TRIGGER_OUT_ENABLED                     ; 0                                                                 ; Signed Integer ;
; SLD_HPS_EVENT_ENABLED                           ; 0                                                                 ; Signed Integer ;
; SLD_HPS_EVENT_ID                                ; 0                                                                 ; Signed Integer ;
; sld_advanced_trigger_entity                     ; basic,1,                                                          ; Untyped        ;
; sld_trigger_level_pipeline                      ; 1                                                                 ; Untyped        ;
; sld_trigger_pipeline                            ; 0                                                                 ; Untyped        ;
; sld_ram_pipeline                                ; 2                                                                 ; Untyped        ;
; sld_counter_pipeline                            ; 0                                                                 ; Untyped        ;
; sld_enable_advanced_trigger                     ; 0                                                                 ; Untyped        ;
; SLD_ADVANCED_TRIGGER_1                          ; NONE                                                              ; String         ;
; SLD_ADVANCED_TRIGGER_2                          ; NONE                                                              ; String         ;
; SLD_ADVANCED_TRIGGER_3                          ; NONE                                                              ; String         ;
; SLD_ADVANCED_TRIGGER_4                          ; NONE                                                              ; String         ;
; SLD_ADVANCED_TRIGGER_5                          ; NONE                                                              ; String         ;
; SLD_ADVANCED_TRIGGER_6                          ; NONE                                                              ; String         ;
; SLD_ADVANCED_TRIGGER_7                          ; NONE                                                              ; String         ;
; SLD_ADVANCED_TRIGGER_8                          ; NONE                                                              ; String         ;
; SLD_ADVANCED_TRIGGER_9                          ; NONE                                                              ; String         ;
; SLD_ADVANCED_TRIGGER_10                         ; NONE                                                              ; String         ;
; sld_inversion_mask_length                       ; 65                                                                ; Untyped        ;
; sld_inversion_mask                              ; 00000000000000000000000000000000000000000000000000000000000000000 ; Untyped        ;
; sld_power_up_trigger                            ; 0                                                                 ; Untyped        ;
; SLD_STATE_FLOW_MGR_ENTITY                       ; state_flow_mgr_entity.vhd                                         ; String         ;
; sld_state_flow_use_generated                    ; 0                                                                 ; Untyped        ;
; sld_current_resource_width                      ; 1                                                                 ; Untyped        ;
; sld_attribute_mem_mode                          ; OFF                                                               ; Untyped        ;
; sld_storage_qualifier_bits                      ; 12                                                                ; Untyped        ;
; SLD_STORAGE_QUALIFIER_GAP_RECORD                ; 0                                                                 ; Signed Integer ;
; SLD_STORAGE_QUALIFIER_MODE                      ; OFF                                                               ; String         ;
; SLD_STORAGE_QUALIFIER_ENABLE_ADVANCED_CONDITION ; 0                                                                 ; Signed Integer ;
; sld_storage_qualifier_inversion_mask_length     ; 0                                                                 ; Untyped        ;
; SLD_STORAGE_QUALIFIER_ADVANCED_CONDITION_ENTITY ; basic                                                             ; String         ;
; SLD_STORAGE_QUALIFIER_PIPELINE                  ; 0                                                                 ; Signed Integer ;
; SLD_CREATE_MONITOR_INTERFACE                    ; 0                                                                 ; Signed Integer ;
; SLD_USE_JTAG_SIGNAL_ADAPTER                     ; 1                                                                 ; Signed Integer ;
+-------------------------------------------------+-------------------------------------------------------------------+----------------+
Note: In order to hide this table in the UI and the text report file, please set the "Show Parameter Settings in Synthesis Report" option in "Analysis and Synthesis Settings -> More Settings" to "Off".


+-------------------------------+
; Analysis & Synthesis Messages ;
+-------------------------------+
Info: *******************************************************************
Info: Running Quartus Prime Analysis & Synthesis
    Info: Version 17.0.0 Build 595 04/25/2017 SJ Lite Edition
    Info: Processing started: Wed Apr 17 23:19:17 2019
Info: Command: quartus_map --read_settings_files=on --write_settings_files=off Lab1Demo -c Lab1Demo
Info (20030): Parallel compilation is enabled and will use 4 of the 4 processors detected
Info (12021): Found 1 design units, including 1 entities, in source file rtl/keyboard/keytoggle_decoderin.sv
    Info (12023): Found entity 1: keyToggle_decoderIn File: C:/Users/ohadv/Desktop/BubbleTrouble/BubbleTrouble/OurProject/RTL/KEYBOARD/keyToggle_decoderIn.sv Line: 6
Info (12021): Found 1 design units, including 1 entities, in source file rtl/keyboard/lpf.sv
    Info (12023): Found entity 1: lpf File: C:/Users/ohadv/Desktop/BubbleTrouble/BubbleTrouble/OurProject/RTL/KEYBOARD/lpf.sv Line: 5
Info (12021): Found 1 design units, including 1 entities, in source file rtl/keyboard/byterec.sv
    Info (12023): Found entity 1: byterec File: C:/Users/ohadv/Desktop/BubbleTrouble/BubbleTrouble/OurProject/RTL/KEYBOARD/byterec.sv Line: 4
Info (12021): Found 1 design units, including 1 entities, in source file rtl/keyboard/random.sv
    Info (12023): Found entity 1: random File: C:/Users/ohadv/Desktop/BubbleTrouble/BubbleTrouble/OurProject/RTL/KEYBOARD/random.sv Line: 1
Info (12021): Found 1 design units, including 1 entities, in source file rtl/keyboard/bitrec.sv
    Info (12023): Found entity 1: bitrec File: C:/Users/ohadv/Desktop/BubbleTrouble/BubbleTrouble/OurProject/RTL/KEYBOARD/bitrec.sv Line: 4
Info (12021): Found 1 design units, including 1 entities, in source file rtl/keyboard/top_kbdintf.bdf
    Info (12023): Found entity 1: TOP_KBDINTF
Info (12021): Found 1 design units, including 1 entities, in source file rtl/vga/smileyface_move.sv
    Info (12023): Found entity 1: smileyface_move File: C:/Users/ohadv/Desktop/BubbleTrouble/BubbleTrouble/OurProject/RTL/VGA/smileyface_move.sv Line: 7
Info (12021): Found 1 design units, including 1 entities, in source file rtl/vga/square_object.sv
    Info (12023): Found entity 1: square_object File: C:/Users/ohadv/Desktop/BubbleTrouble/BubbleTrouble/OurProject/RTL/VGA/square_object.sv Line: 8
Info (12021): Found 1 design units, including 1 entities, in source file rtl/vga/smileybitmap.sv
    Info (12023): Found entity 1: smileyBitMap File: C:/Users/ohadv/Desktop/BubbleTrouble/BubbleTrouble/OurProject/RTL/VGA/smileyBitMap.sv Line: 9
Info (12021): Found 1 design units, including 1 entities, in source file rtl/vga/objects_mux.sv
    Info (12023): Found entity 1: objects_mux File: C:/Users/ohadv/Desktop/BubbleTrouble/BubbleTrouble/OurProject/RTL/VGA/objects_mux.sv Line: 7
Info (12021): Found 1 design units, including 1 entities, in source file rtl/vga/vga_controller.sv
    Info (12023): Found entity 1: VGA_Controller File: C:/Users/ohadv/Desktop/BubbleTrouble/BubbleTrouble/OurProject/RTL/VGA/VGA_Controller.sv Line: 6
Info (12021): Found 1 design units, including 1 entities, in source file rtl/mss/tonedecoder.sv
    Info (12023): Found entity 1: ToneDecoder File: C:/Users/ohadv/Desktop/BubbleTrouble/BubbleTrouble/OurProject/RTL/MSS/ToneDecoder.sv Line: 6
Info (12021): Found 1 design units, including 1 entities, in source file rtl/mss/top_mss_demo.bdf
    Info (12023): Found entity 1: TOP_MSS_DEMO
Info (12021): Found 1 design units, including 1 entities, in source file rtl/mss/sintable.sv
    Info (12023): Found entity 1: sintable File: C:/Users/ohadv/Desktop/BubbleTrouble/BubbleTrouble/OurProject/RTL/MSS/SinTable.sv Line: 8
Info (12021): Found 1 design units, including 1 entities, in source file rtl/mss/prescaler.sv
    Info (12023): Found entity 1: prescaler File: C:/Users/ohadv/Desktop/BubbleTrouble/BubbleTrouble/OurProject/RTL/MSS/prescaler.sv Line: 12
Info (12021): Found 1 design units, including 1 entities, in source file rtl/mss/data_conversion.sv
    Info (12023): Found entity 1: data_conversion File: C:/Users/ohadv/Desktop/BubbleTrouble/BubbleTrouble/OurProject/RTL/MSS/data_conversion.sv Line: 4
Info (12021): Found 1 design units, including 1 entities, in source file rtl/mss/addr_counter.sv
    Info (12023): Found entity 1: addr_counter File: C:/Users/ohadv/Desktop/BubbleTrouble/BubbleTrouble/OurProject/RTL/MSS/addr_counter.sv Line: 4
Info (12021): Found 1 design units, including 1 entities, in source file rtl/audio_codec_controller/audio_codec_controller.qxp
    Info (12023): Found entity 1: audio_codec_controller File: C:/Users/ohadv/Desktop/BubbleTrouble/BubbleTrouble/OurProject/RTL/audio_codec_controller/audio_codec_controller.qxp Line: -1
Info (12021): Found 1 design units, including 1 entities, in source file rtl/keyboard/top_kbd_demoall.bdf
    Info (12023): Found entity 1: TOP_KBD_DEMOALL
Info (12021): Found 1 design units, including 1 entities, in source file rtl/vga/top_vga_demo_with_mss_all.bdf
    Info (12023): Found entity 1: TOP_VGA_DEMO_WITH_MSS_ALL
Info (12021): Found 1 design units, including 1 entities, in source file rtl/vga/back_ground_drawsquare.sv
    Info (12023): Found entity 1: back_ground_drawSquare File: C:/Users/ohadv/Desktop/BubbleTrouble/BubbleTrouble/OurProject/RTL/VGA/back_ground_drawSquare.sv Line: 8
Info (12021): Found 1 design units, including 1 entities, in source file game_controller.sv
    Info (12023): Found entity 1: game_controller File: C:/Users/ohadv/Desktop/BubbleTrouble/BubbleTrouble/OurProject/game_controller.sv Line: 4
Info (12021): Found 1 design units, including 1 entities, in source file leftarrowconst.v
    Info (12023): Found entity 1: leftArrowConst File: C:/Users/ohadv/Desktop/BubbleTrouble/BubbleTrouble/OurProject/leftArrowConst.v Line: 40
Info (12021): Found 1 design units, including 1 entities, in source file spacebarconst.v
    Info (12023): Found entity 1: spaceBarConst File: C:/Users/ohadv/Desktop/BubbleTrouble/BubbleTrouble/OurProject/spaceBarConst.v Line: 40
Info (12021): Found 1 design units, including 1 entities, in source file rightarrowconst.v
    Info (12023): Found entity 1: rightArrowConst File: C:/Users/ohadv/Desktop/BubbleTrouble/BubbleTrouble/OurProject/rightArrowConst.v Line: 40
Warning (10236): Verilog HDL Implicit Net warning at byterec.sv(35): created implicit net for "nor_code" File: C:/Users/ohadv/Desktop/BubbleTrouble/BubbleTrouble/OurProject/RTL/KEYBOARD/byterec.sv Line: 35
Warning (10236): Verilog HDL Implicit Net warning at byterec.sv(36): created implicit net for "ext_code" File: C:/Users/ohadv/Desktop/BubbleTrouble/BubbleTrouble/OurProject/RTL/KEYBOARD/byterec.sv Line: 36
Warning (10236): Verilog HDL Implicit Net warning at byterec.sv(37): created implicit net for "rel_code" File: C:/Users/ohadv/Desktop/BubbleTrouble/BubbleTrouble/OurProject/RTL/KEYBOARD/byterec.sv Line: 37
Info (12127): Elaborating entity "TOP_VGA_DEMO_WITH_MSS_ALL" for the top level hierarchy
Info (12128): Elaborating entity "VGA_Controller" for hierarchy "VGA_Controller:inst"
Warning (10230): Verilog HDL assignment warning at VGA_Controller.sv(58): truncated value with size 32 to match size of target (11) File: C:/Users/ohadv/Desktop/BubbleTrouble/BubbleTrouble/OurProject/RTL/VGA/VGA_Controller.sv Line: 58
Warning (10230): Verilog HDL assignment warning at VGA_Controller.sv(59): truncated value with size 32 to match size of target (11) File: C:/Users/ohadv/Desktop/BubbleTrouble/BubbleTrouble/OurProject/RTL/VGA/VGA_Controller.sv Line: 59
Info (12128): Elaborating entity "objects_mux" for hierarchy "objects_mux:inst5"
Info (12128): Elaborating entity "smileyBitMap" for hierarchy "smileyBitMap:inst4"
Info (10008): Verilog HDL or VHDL information: EDA Netlist Writer cannot regroup multidimensional array "object_colors" into its bus
Info (12128): Elaborating entity "square_object" for hierarchy "square_object:inst6"
Info (12128): Elaborating entity "smileyface_move" for hierarchy "smileyface_move:inst1"
Warning (10230): Verilog HDL assignment warning at smileyface_move.sv(113): truncated value with size 32 to match size of target (11) File: C:/Users/ohadv/Desktop/BubbleTrouble/BubbleTrouble/OurProject/RTL/VGA/smileyface_move.sv Line: 113
Warning (10230): Verilog HDL assignment warning at smileyface_move.sv(114): truncated value with size 32 to match size of target (11) File: C:/Users/ohadv/Desktop/BubbleTrouble/BubbleTrouble/OurProject/RTL/VGA/smileyface_move.sv Line: 114
Info (12128): Elaborating entity "TOP_KBD_DEMOALL" for hierarchy "TOP_KBD_DEMOALL:inst8"
Info (12128): Elaborating entity "keyToggle_decoderIn" for hierarchy "TOP_KBD_DEMOALL:inst8|keyToggle_decoderIn:SpaceBar"
Info (12128): Elaborating entity "TOP_KBDINTF" for hierarchy "TOP_KBD_DEMOALL:inst8|TOP_KBDINTF:inst"
Info (12128): Elaborating entity "byterec" for hierarchy "TOP_KBD_DEMOALL:inst8|TOP_KBDINTF:inst|byterec:inst3"
Info (12128): Elaborating entity "bitrec" for hierarchy "TOP_KBD_DEMOALL:inst8|TOP_KBDINTF:inst|bitrec:inst4"
Warning (10230): Verilog HDL assignment warning at bitrec.sv(71): truncated value with size 32 to match size of target (4) File: C:/Users/ohadv/Desktop/BubbleTrouble/BubbleTrouble/OurProject/RTL/KEYBOARD/bitrec.sv Line: 71
Info (12128): Elaborating entity "lpf" for hierarchy "TOP_KBD_DEMOALL:inst8|TOP_KBDINTF:inst|lpf:cleaner"
Info (12128): Elaborating entity "spaceBarConst" for hierarchy "TOP_KBD_DEMOALL:inst8|spaceBarConst:inst3"
Info (12128): Elaborating entity "lpm_constant" for hierarchy "TOP_KBD_DEMOALL:inst8|spaceBarConst:inst3|lpm_constant:LPM_CONSTANT_component" File: C:/Users/ohadv/Desktop/BubbleTrouble/BubbleTrouble/OurProject/spaceBarConst.v Line: 49
Info (12130): Elaborated megafunction instantiation "TOP_KBD_DEMOALL:inst8|spaceBarConst:inst3|lpm_constant:LPM_CONSTANT_component" File: C:/Users/ohadv/Desktop/BubbleTrouble/BubbleTrouble/OurProject/spaceBarConst.v Line: 49
Info (12133): Instantiated megafunction "TOP_KBD_DEMOALL:inst8|spaceBarConst:inst3|lpm_constant:LPM_CONSTANT_component" with the following parameter: File: C:/Users/ohadv/Desktop/BubbleTrouble/BubbleTrouble/OurProject/spaceBarConst.v Line: 49
    Info (12134): Parameter "lpm_cvalue" = "41"
    Info (12134): Parameter "lpm_hint" = "ENABLE_RUNTIME_MOD=YES, INSTANCE_NAME=sc"
    Info (12134): Parameter "lpm_type" = "LPM_CONSTANT"
    Info (12134): Parameter "lpm_width" = "9"
Info (12021): Found 1 design units, including 1 entities, in source file db/lpm_constant_mb8.tdf
    Info (12023): Found entity 1: lpm_constant_mb8 File: C:/Users/ohadv/Desktop/BubbleTrouble/BubbleTrouble/OurProject/db/lpm_constant_mb8.tdf Line: 26
Info (12128): Elaborating entity "lpm_constant_mb8" for hierarchy "TOP_KBD_DEMOALL:inst8|spaceBarConst:inst3|lpm_constant:LPM_CONSTANT_component|lpm_constant_mb8:ag" File: c:/intelfpga_lite/17.0/quartus/libraries/megafunctions/lpm_constant.tdf Line: 46
Info (12128): Elaborating entity "sld_mod_ram_rom" for hierarchy "TOP_KBD_DEMOALL:inst8|spaceBarConst:inst3|lpm_constant:LPM_CONSTANT_component|lpm_constant_mb8:ag|sld_mod_ram_rom:mgl_prim1" File: C:/Users/ohadv/Desktop/BubbleTrouble/BubbleTrouble/OurProject/db/lpm_constant_mb8.tdf Line: 31
Info (12130): Elaborated megafunction instantiation "TOP_KBD_DEMOALL:inst8|spaceBarConst:inst3|lpm_constant:LPM_CONSTANT_component|lpm_constant_mb8:ag|sld_mod_ram_rom:mgl_prim1" File: C:/Users/ohadv/Desktop/BubbleTrouble/BubbleTrouble/OurProject/db/lpm_constant_mb8.tdf Line: 31
Info (12133): Instantiated megafunction "TOP_KBD_DEMOALL:inst8|spaceBarConst:inst3|lpm_constant:LPM_CONSTANT_component|lpm_constant_mb8:ag|sld_mod_ram_rom:mgl_prim1" with the following parameter: File: C:/Users/ohadv/Desktop/BubbleTrouble/BubbleTrouble/OurProject/db/lpm_constant_mb8.tdf Line: 31
    Info (12134): Parameter "CVALUE" = "000101001"
    Info (12134): Parameter "IS_DATA_IN_RAM" = "0"
    Info (12134): Parameter "IS_READABLE" = "0"
    Info (12134): Parameter "NODE_NAME" = "1935867904"
    Info (12134): Parameter "NUMWORDS" = "1"
    Info (12134): Parameter "SHIFT_COUNT_BITS" = "4"
    Info (12134): Parameter "WIDTH_WORD" = "9"
    Info (12134): Parameter "WIDTHAD" = "1"
Info (12128): Elaborating entity "sld_jtag_endpoint_adapter" for hierarchy "TOP_KBD_DEMOALL:inst8|spaceBarConst:inst3|lpm_constant:LPM_CONSTANT_component|lpm_constant_mb8:ag|sld_mod_ram_rom:mgl_prim1|sld_jtag_endpoint_adapter:jtag_signal_adapter" File: c:/intelfpga_lite/17.0/quartus/libraries/megafunctions/sld_mod_ram_rom.vhd Line: 302
Info (12128): Elaborating entity "sld_jtag_endpoint_adapter_impl" for hierarchy "TOP_KBD_DEMOALL:inst8|spaceBarConst:inst3|lpm_constant:LPM_CONSTANT_component|lpm_constant_mb8:ag|sld_mod_ram_rom:mgl_prim1|sld_jtag_endpoint_adapter:jtag_signal_adapter|sld_jtag_endpoint_adapter_impl:sld_jtag_endpoint_adapter_impl_inst" File: c:/intelfpga_lite/17.0/quartus/libraries/megafunctions/sld_jtag_endpoint_adapter.vhd Line: 232
Info (12128): Elaborating entity "sld_rom_sr" for hierarchy "TOP_KBD_DEMOALL:inst8|spaceBarConst:inst3|lpm_constant:LPM_CONSTANT_component|lpm_constant_mb8:ag|sld_mod_ram_rom:mgl_prim1|sld_rom_sr:\constant_logic_gen:name_gen:info_rom_sr" File: c:/intelfpga_lite/17.0/quartus/libraries/megafunctions/sld_mod_ram_rom.vhd Line: 485
Info (12128): Elaborating entity "rightArrowConst" for hierarchy "TOP_KBD_DEMOALL:inst8|rightArrowConst:inst4"
Info (12128): Elaborating entity "lpm_constant" for hierarchy "TOP_KBD_DEMOALL:inst8|rightArrowConst:inst4|lpm_constant:LPM_CONSTANT_component" File: C:/Users/ohadv/Desktop/BubbleTrouble/BubbleTrouble/OurProject/rightArrowConst.v Line: 49
Info (12130): Elaborated megafunction instantiation "TOP_KBD_DEMOALL:inst8|rightArrowConst:inst4|lpm_constant:LPM_CONSTANT_component" File: C:/Users/ohadv/Desktop/BubbleTrouble/BubbleTrouble/OurProject/rightArrowConst.v Line: 49
Info (12133): Instantiated megafunction "TOP_KBD_DEMOALL:inst8|rightArrowConst:inst4|lpm_constant:LPM_CONSTANT_component" with the following parameter: File: C:/Users/ohadv/Desktop/BubbleTrouble/BubbleTrouble/OurProject/rightArrowConst.v Line: 49
    Info (12134): Parameter "lpm_cvalue" = "116"
    Info (12134): Parameter "lpm_hint" = "ENABLE_RUNTIME_MOD=YES, INSTANCE_NAME=ra"
    Info (12134): Parameter "lpm_type" = "LPM_CONSTANT"
    Info (12134): Parameter "lpm_width" = "9"
Info (12021): Found 1 design units, including 1 entities, in source file db/lpm_constant_jb8.tdf
    Info (12023): Found entity 1: lpm_constant_jb8 File: C:/Users/ohadv/Desktop/BubbleTrouble/BubbleTrouble/OurProject/db/lpm_constant_jb8.tdf Line: 26
Info (12128): Elaborating entity "lpm_constant_jb8" for hierarchy "TOP_KBD_DEMOALL:inst8|rightArrowConst:inst4|lpm_constant:LPM_CONSTANT_component|lpm_constant_jb8:ag" File: c:/intelfpga_lite/17.0/quartus/libraries/megafunctions/lpm_constant.tdf Line: 46
Info (12128): Elaborating entity "sld_mod_ram_rom" for hierarchy "TOP_KBD_DEMOALL:inst8|rightArrowConst:inst4|lpm_constant:LPM_CONSTANT_component|lpm_constant_jb8:ag|sld_mod_ram_rom:mgl_prim1" File: C:/Users/ohadv/Desktop/BubbleTrouble/BubbleTrouble/OurProject/db/lpm_constant_jb8.tdf Line: 31
Info (12130): Elaborated megafunction instantiation "TOP_KBD_DEMOALL:inst8|rightArrowConst:inst4|lpm_constant:LPM_CONSTANT_component|lpm_constant_jb8:ag|sld_mod_ram_rom:mgl_prim1" File: C:/Users/ohadv/Desktop/BubbleTrouble/BubbleTrouble/OurProject/db/lpm_constant_jb8.tdf Line: 31
Info (12133): Instantiated megafunction "TOP_KBD_DEMOALL:inst8|rightArrowConst:inst4|lpm_constant:LPM_CONSTANT_component|lpm_constant_jb8:ag|sld_mod_ram_rom:mgl_prim1" with the following parameter: File: C:/Users/ohadv/Desktop/BubbleTrouble/BubbleTrouble/OurProject/db/lpm_constant_jb8.tdf Line: 31
    Info (12134): Parameter "CVALUE" = "001110100"
    Info (12134): Parameter "IS_DATA_IN_RAM" = "0"
    Info (12134): Parameter "IS_READABLE" = "0"
    Info (12134): Parameter "NODE_NAME" = "1918959616"
    Info (12134): Parameter "NUMWORDS" = "1"
    Info (12134): Parameter "SHIFT_COUNT_BITS" = "4"
    Info (12134): Parameter "WIDTH_WORD" = "9"
    Info (12134): Parameter "WIDTHAD" = "1"
Info (12128): Elaborating entity "leftArrowConst" for hierarchy "TOP_KBD_DEMOALL:inst8|leftArrowConst:inst2"
Info (12128): Elaborating entity "lpm_constant" for hierarchy "TOP_KBD_DEMOALL:inst8|leftArrowConst:inst2|lpm_constant:LPM_CONSTANT_component" File: C:/Users/ohadv/Desktop/BubbleTrouble/BubbleTrouble/OurProject/leftArrowConst.v Line: 49
Info (12130): Elaborated megafunction instantiation "TOP_KBD_DEMOALL:inst8|leftArrowConst:inst2|lpm_constant:LPM_CONSTANT_component" File: C:/Users/ohadv/Desktop/BubbleTrouble/BubbleTrouble/OurProject/leftArrowConst.v Line: 49
Info (12133): Instantiated megafunction "TOP_KBD_DEMOALL:inst8|leftArrowConst:inst2|lpm_constant:LPM_CONSTANT_component" with the following parameter: File: C:/Users/ohadv/Desktop/BubbleTrouble/BubbleTrouble/OurProject/leftArrowConst.v Line: 49
    Info (12134): Parameter "lpm_cvalue" = "107"
    Info (12134): Parameter "lpm_hint" = "ENABLE_RUNTIME_MOD=YES, INSTANCE_NAME=la"
    Info (12134): Parameter "lpm_type" = "LPM_CONSTANT"
    Info (12134): Parameter "lpm_width" = "9"
Info (12021): Found 1 design units, including 1 entities, in source file db/lpm_constant_qc8.tdf
    Info (12023): Found entity 1: lpm_constant_qc8 File: C:/Users/ohadv/Desktop/BubbleTrouble/BubbleTrouble/OurProject/db/lpm_constant_qc8.tdf Line: 26
Info (12128): Elaborating entity "lpm_constant_qc8" for hierarchy "TOP_KBD_DEMOALL:inst8|leftArrowConst:inst2|lpm_constant:LPM_CONSTANT_component|lpm_constant_qc8:ag" File: c:/intelfpga_lite/17.0/quartus/libraries/megafunctions/lpm_constant.tdf Line: 46
Info (12128): Elaborating entity "sld_mod_ram_rom" for hierarchy "TOP_KBD_DEMOALL:inst8|leftArrowConst:inst2|lpm_constant:LPM_CONSTANT_component|lpm_constant_qc8:ag|sld_mod_ram_rom:mgl_prim1" File: C:/Users/ohadv/Desktop/BubbleTrouble/BubbleTrouble/OurProject/db/lpm_constant_qc8.tdf Line: 31
Info (12130): Elaborated megafunction instantiation "TOP_KBD_DEMOALL:inst8|leftArrowConst:inst2|lpm_constant:LPM_CONSTANT_component|lpm_constant_qc8:ag|sld_mod_ram_rom:mgl_prim1" File: C:/Users/ohadv/Desktop/BubbleTrouble/BubbleTrouble/OurProject/db/lpm_constant_qc8.tdf Line: 31
Info (12133): Instantiated megafunction "TOP_KBD_DEMOALL:inst8|leftArrowConst:inst2|lpm_constant:LPM_CONSTANT_component|lpm_constant_qc8:ag|sld_mod_ram_rom:mgl_prim1" with the following parameter: File: C:/Users/ohadv/Desktop/BubbleTrouble/BubbleTrouble/OurProject/db/lpm_constant_qc8.tdf Line: 31
    Info (12134): Parameter "CVALUE" = "001101011"
    Info (12134): Parameter "IS_DATA_IN_RAM" = "0"
    Info (12134): Parameter "IS_READABLE" = "0"
    Info (12134): Parameter "NODE_NAME" = "1818296320"
    Info (12134): Parameter "NUMWORDS" = "1"
    Info (12134): Parameter "SHIFT_COUNT_BITS" = "4"
    Info (12134): Parameter "WIDTH_WORD" = "9"
    Info (12134): Parameter "WIDTHAD" = "1"
Info (12128): Elaborating entity "game_controller" for hierarchy "game_controller:inst19"
Info (12128): Elaborating entity "back_ground_drawSquare" for hierarchy "back_ground_drawSquare:inst2"
Warning (10230): Verilog HDL assignment warning at back_ground_drawSquare.sv(36): truncated value with size 3 to match size of target (2) File: C:/Users/ohadv/Desktop/BubbleTrouble/BubbleTrouble/OurProject/RTL/VGA/back_ground_drawSquare.sv Line: 36
Warning (10230): Verilog HDL assignment warning at back_ground_drawSquare.sv(43): truncated value with size 3 to match size of target (2) File: C:/Users/ohadv/Desktop/BubbleTrouble/BubbleTrouble/OurProject/RTL/VGA/back_ground_drawSquare.sv Line: 43
Warning (10230): Verilog HDL assignment warning at back_ground_drawSquare.sv(50): truncated value with size 3 to match size of target (2) File: C:/Users/ohadv/Desktop/BubbleTrouble/BubbleTrouble/OurProject/RTL/VGA/back_ground_drawSquare.sv Line: 50
Warning (10230): Verilog HDL assignment warning at back_ground_drawSquare.sv(61): truncated value with size 3 to match size of target (2) File: C:/Users/ohadv/Desktop/BubbleTrouble/BubbleTrouble/OurProject/RTL/VGA/back_ground_drawSquare.sv Line: 61
Warning (10230): Verilog HDL assignment warning at back_ground_drawSquare.sv(78): truncated value with size 3 to match size of target (2) File: C:/Users/ohadv/Desktop/BubbleTrouble/BubbleTrouble/OurProject/RTL/VGA/back_ground_drawSquare.sv Line: 78
Info (12021): Found 1 design units, including 1 entities, in source file db/altsyncram_8l84.tdf
    Info (12023): Found entity 1: altsyncram_8l84 File: C:/Users/ohadv/Desktop/BubbleTrouble/BubbleTrouble/OurProject/db/altsyncram_8l84.tdf Line: 32
Info (12021): Found 1 design units, including 1 entities, in source file db/decode_8la.tdf
    Info (12023): Found entity 1: decode_8la File: C:/Users/ohadv/Desktop/BubbleTrouble/BubbleTrouble/OurProject/db/decode_8la.tdf Line: 23
Info (12021): Found 1 design units, including 1 entities, in source file db/mux_3hb.tdf
    Info (12023): Found entity 1: mux_3hb File: C:/Users/ohadv/Desktop/BubbleTrouble/BubbleTrouble/OurProject/db/mux_3hb.tdf Line: 23
Info (12021): Found 1 design units, including 1 entities, in source file db/mux_clc.tdf
    Info (12023): Found entity 1: mux_clc File: C:/Users/ohadv/Desktop/BubbleTrouble/BubbleTrouble/OurProject/db/mux_clc.tdf Line: 23
Info (12021): Found 1 design units, including 1 entities, in source file db/decode_vnf.tdf
    Info (12023): Found entity 1: decode_vnf File: C:/Users/ohadv/Desktop/BubbleTrouble/BubbleTrouble/OurProject/db/decode_vnf.tdf Line: 23
Info (12021): Found 1 design units, including 1 entities, in source file db/cntr_t8i.tdf
    Info (12023): Found entity 1: cntr_t8i File: C:/Users/ohadv/Desktop/BubbleTrouble/BubbleTrouble/OurProject/db/cntr_t8i.tdf Line: 28
Info (12021): Found 1 design units, including 1 entities, in source file db/cmpr_c9c.tdf
    Info (12023): Found entity 1: cmpr_c9c File: C:/Users/ohadv/Desktop/BubbleTrouble/BubbleTrouble/OurProject/db/cmpr_c9c.tdf Line: 23
Info (12021): Found 1 design units, including 1 entities, in source file db/cntr_24j.tdf
    Info (12023): Found entity 1: cntr_24j File: C:/Users/ohadv/Desktop/BubbleTrouble/BubbleTrouble/OurProject/db/cntr_24j.tdf Line: 26
Info (12021): Found 1 design units, including 1 entities, in source file db/cntr_v8i.tdf
    Info (12023): Found entity 1: cntr_v8i File: C:/Users/ohadv/Desktop/BubbleTrouble/BubbleTrouble/OurProject/db/cntr_v8i.tdf Line: 28
Info (12021): Found 1 design units, including 1 entities, in source file db/cmpr_d9c.tdf
    Info (12023): Found entity 1: cmpr_d9c File: C:/Users/ohadv/Desktop/BubbleTrouble/BubbleTrouble/OurProject/db/cmpr_d9c.tdf Line: 23
Info (12021): Found 1 design units, including 1 entities, in source file db/cntr_kri.tdf
    Info (12023): Found entity 1: cntr_kri File: C:/Users/ohadv/Desktop/BubbleTrouble/BubbleTrouble/OurProject/db/cntr_kri.tdf Line: 28
Info (12021): Found 1 design units, including 1 entities, in source file db/cmpr_99c.tdf
    Info (12023): Found entity 1: cmpr_99c File: C:/Users/ohadv/Desktop/BubbleTrouble/BubbleTrouble/OurProject/db/cmpr_99c.tdf Line: 23
Info (12033): Analysis and Synthesis generated SignalTap II or debug node instance "auto_signaltap_0"
Info (11170): Starting IP generation for the debug fabric: alt_sld_fab.
Info (11172): 2019.04.17.23:19:35 Progress: Loading sld6dfc5e3d/alt_sld_fab_wrapper_hw.tcl
Info (11172): Alt_sld_fab.alt_sld_fab: SLD fabric agents which did not specify prefer_host were connected to JTAG
Info (11172): Alt_sld_fab: Generating alt_sld_fab "alt_sld_fab" for QUARTUS_SYNTH
Info (11172): Alt_sld_fab: "alt_sld_fab" instantiated alt_sld_fab "alt_sld_fab"
Info (11172): Presplit: "alt_sld_fab" instantiated altera_super_splitter "presplit"
Info (11172): Splitter: "alt_sld_fab" instantiated altera_sld_splitter "splitter"
Info (11172): Sldfabric: "alt_sld_fab" instantiated altera_sld_jtag_hub "sldfabric"
Info (11172): Ident: "alt_sld_fab" instantiated altera_connection_identification_hub "ident"
Info (11172): Alt_sld_fab: Done "alt_sld_fab" with 6 modules, 6 files
Info (11171): Finished IP generation for the debug fabric: alt_sld_fab.
Info (12021): Found 1 design units, including 1 entities, in source file db/ip/sld6dfc5e3d/alt_sld_fab.v
    Info (12023): Found entity 1: alt_sld_fab File: C:/Users/ohadv/Desktop/BubbleTrouble/BubbleTrouble/OurProject/db/ip/sld6dfc5e3d/alt_sld_fab.v Line: 9
Info (12021): Found 1 design units, including 1 entities, in source file db/ip/sld6dfc5e3d/submodules/alt_sld_fab_alt_sld_fab.v
    Info (12023): Found entity 1: alt_sld_fab_alt_sld_fab File: C:/Users/ohadv/Desktop/BubbleTrouble/BubbleTrouble/OurProject/db/ip/sld6dfc5e3d/submodules/alt_sld_fab_alt_sld_fab.v Line: 9
Info (12021): Found 1 design units, including 1 entities, in source file db/ip/sld6dfc5e3d/submodules/alt_sld_fab_alt_sld_fab_ident.sv
    Info (12023): Found entity 1: alt_sld_fab_alt_sld_fab_ident File: C:/Users/ohadv/Desktop/BubbleTrouble/BubbleTrouble/OurProject/db/ip/sld6dfc5e3d/submodules/alt_sld_fab_alt_sld_fab_ident.sv Line: 33
Info (12021): Found 1 design units, including 1 entities, in source file db/ip/sld6dfc5e3d/submodules/alt_sld_fab_alt_sld_fab_presplit.sv
    Info (12023): Found entity 1: alt_sld_fab_alt_sld_fab_presplit File: C:/Users/ohadv/Desktop/BubbleTrouble/BubbleTrouble/OurProject/db/ip/sld6dfc5e3d/submodules/alt_sld_fab_alt_sld_fab_presplit.sv Line: 3
Info (12021): Found 2 design units, including 1 entities, in source file db/ip/sld6dfc5e3d/submodules/alt_sld_fab_alt_sld_fab_sldfabric.vhd
    Info (12022): Found design unit 1: alt_sld_fab_alt_sld_fab_sldfabric-rtl File: C:/Users/ohadv/Desktop/BubbleTrouble/BubbleTrouble/OurProject/db/ip/sld6dfc5e3d/submodules/alt_sld_fab_alt_sld_fab_sldfabric.vhd Line: 222
    Info (12023): Found entity 1: alt_sld_fab_alt_sld_fab_sldfabric File: C:/Users/ohadv/Desktop/BubbleTrouble/BubbleTrouble/OurProject/db/ip/sld6dfc5e3d/submodules/alt_sld_fab_alt_sld_fab_sldfabric.vhd Line: 11
Info (12021): Found 1 design units, including 1 entities, in source file db/ip/sld6dfc5e3d/submodules/alt_sld_fab_alt_sld_fab_splitter.sv
    Info (12023): Found entity 1: alt_sld_fab_alt_sld_fab_splitter File: C:/Users/ohadv/Desktop/BubbleTrouble/BubbleTrouble/OurProject/db/ip/sld6dfc5e3d/submodules/alt_sld_fab_alt_sld_fab_splitter.sv Line: 3
Error (12014): Net "TOP_KBD_DEMOALL:inst8|Key_val1[8]", which fans out to "TOP_KBD_DEMOALL:inst8|keyToggle_decoderIn:LeftArrow|KEY_VALUE[8]", cannot be assigned more than one value File: C:/Users/ohadv/Desktop/BubbleTrouble/BubbleTrouble/OurProject/RTL/KEYBOARD/keyToggle_decoderIn.sv Line: 13
    Error (12015): Net is fed by "TOP_KBD_DEMOALL:inst8|rightArrowConst:inst4|result[8]" File: C:/Users/ohadv/Desktop/BubbleTrouble/BubbleTrouble/OurProject/rightArrowConst.v Line: 43
    Error (12015): Net is fed by "TOP_KBD_DEMOALL:inst8|leftArrowConst:inst2|result[8]" File: C:/Users/ohadv/Desktop/BubbleTrouble/BubbleTrouble/OurProject/leftArrowConst.v Line: 43
Error (12014): Net "TOP_KBD_DEMOALL:inst8|Key_val1[7]", which fans out to "TOP_KBD_DEMOALL:inst8|keyToggle_decoderIn:LeftArrow|KEY_VALUE[7]", cannot be assigned more than one value File: C:/Users/ohadv/Desktop/BubbleTrouble/BubbleTrouble/OurProject/RTL/KEYBOARD/keyToggle_decoderIn.sv Line: 13
    Error (12015): Net is fed by "TOP_KBD_DEMOALL:inst8|rightArrowConst:inst4|result[7]" File: C:/Users/ohadv/Desktop/BubbleTrouble/BubbleTrouble/OurProject/rightArrowConst.v Line: 43
    Error (12015): Net is fed by "TOP_KBD_DEMOALL:inst8|leftArrowConst:inst2|result[7]" File: C:/Users/ohadv/Desktop/BubbleTrouble/BubbleTrouble/OurProject/leftArrowConst.v Line: 43
Error (12014): Net "TOP_KBD_DEMOALL:inst8|Key_val1[6]", which fans out to "TOP_KBD_DEMOALL:inst8|keyToggle_decoderIn:LeftArrow|KEY_VALUE[6]", cannot be assigned more than one value File: C:/Users/ohadv/Desktop/BubbleTrouble/BubbleTrouble/OurProject/RTL/KEYBOARD/keyToggle_decoderIn.sv Line: 13
    Error (12015): Net is fed by "TOP_KBD_DEMOALL:inst8|rightArrowConst:inst4|result[6]" File: C:/Users/ohadv/Desktop/BubbleTrouble/BubbleTrouble/OurProject/rightArrowConst.v Line: 43
    Error (12015): Net is fed by "TOP_KBD_DEMOALL:inst8|leftArrowConst:inst2|result[6]" File: C:/Users/ohadv/Desktop/BubbleTrouble/BubbleTrouble/OurProject/leftArrowConst.v Line: 43
Error (12014): Net "TOP_KBD_DEMOALL:inst8|Key_val1[5]", which fans out to "TOP_KBD_DEMOALL:inst8|keyToggle_decoderIn:LeftArrow|KEY_VALUE[5]", cannot be assigned more than one value File: C:/Users/ohadv/Desktop/BubbleTrouble/BubbleTrouble/OurProject/RTL/KEYBOARD/keyToggle_decoderIn.sv Line: 13
    Error (12015): Net is fed by "TOP_KBD_DEMOALL:inst8|rightArrowConst:inst4|result[5]" File: C:/Users/ohadv/Desktop/BubbleTrouble/BubbleTrouble/OurProject/rightArrowConst.v Line: 43
    Error (12015): Net is fed by "TOP_KBD_DEMOALL:inst8|leftArrowConst:inst2|result[5]" File: C:/Users/ohadv/Desktop/BubbleTrouble/BubbleTrouble/OurProject/leftArrowConst.v Line: 43
Error (12014): Net "TOP_KBD_DEMOALL:inst8|Key_val1[4]", which fans out to "TOP_KBD_DEMOALL:inst8|keyToggle_decoderIn:LeftArrow|KEY_VALUE[4]", cannot be assigned more than one value File: C:/Users/ohadv/Desktop/BubbleTrouble/BubbleTrouble/OurProject/RTL/KEYBOARD/keyToggle_decoderIn.sv Line: 13
    Error (12015): Net is fed by "TOP_KBD_DEMOALL:inst8|rightArrowConst:inst4|result[4]" File: C:/Users/ohadv/Desktop/BubbleTrouble/BubbleTrouble/OurProject/rightArrowConst.v Line: 43
    Error (12015): Net is fed by "TOP_KBD_DEMOALL:inst8|leftArrowConst:inst2|result[4]" File: C:/Users/ohadv/Desktop/BubbleTrouble/BubbleTrouble/OurProject/leftArrowConst.v Line: 43
Error (12014): Net "TOP_KBD_DEMOALL:inst8|Key_val1[3]", which fans out to "TOP_KBD_DEMOALL:inst8|keyToggle_decoderIn:LeftArrow|KEY_VALUE[3]", cannot be assigned more than one value File: C:/Users/ohadv/Desktop/BubbleTrouble/BubbleTrouble/OurProject/RTL/KEYBOARD/keyToggle_decoderIn.sv Line: 13
    Error (12015): Net is fed by "TOP_KBD_DEMOALL:inst8|rightArrowConst:inst4|result[3]" File: C:/Users/ohadv/Desktop/BubbleTrouble/BubbleTrouble/OurProject/rightArrowConst.v Line: 43
    Error (12015): Net is fed by "TOP_KBD_DEMOALL:inst8|leftArrowConst:inst2|result[3]" File: C:/Users/ohadv/Desktop/BubbleTrouble/BubbleTrouble/OurProject/leftArrowConst.v Line: 43
Error (12014): Net "TOP_KBD_DEMOALL:inst8|Key_val1[2]", which fans out to "TOP_KBD_DEMOALL:inst8|keyToggle_decoderIn:LeftArrow|KEY_VALUE[2]", cannot be assigned more than one value File: C:/Users/ohadv/Desktop/BubbleTrouble/BubbleTrouble/OurProject/RTL/KEYBOARD/keyToggle_decoderIn.sv Line: 13
    Error (12015): Net is fed by "TOP_KBD_DEMOALL:inst8|rightArrowConst:inst4|result[2]" File: C:/Users/ohadv/Desktop/BubbleTrouble/BubbleTrouble/OurProject/rightArrowConst.v Line: 43
    Error (12015): Net is fed by "TOP_KBD_DEMOALL:inst8|leftArrowConst:inst2|result[2]" File: C:/Users/ohadv/Desktop/BubbleTrouble/BubbleTrouble/OurProject/leftArrowConst.v Line: 43
Error (12014): Net "TOP_KBD_DEMOALL:inst8|Key_val1[1]", which fans out to "TOP_KBD_DEMOALL:inst8|keyToggle_decoderIn:LeftArrow|KEY_VALUE[1]", cannot be assigned more than one value File: C:/Users/ohadv/Desktop/BubbleTrouble/BubbleTrouble/OurProject/RTL/KEYBOARD/keyToggle_decoderIn.sv Line: 13
    Error (12015): Net is fed by "TOP_KBD_DEMOALL:inst8|rightArrowConst:inst4|result[1]" File: C:/Users/ohadv/Desktop/BubbleTrouble/BubbleTrouble/OurProject/rightArrowConst.v Line: 43
    Error (12015): Net is fed by "TOP_KBD_DEMOALL:inst8|leftArrowConst:inst2|result[1]" File: C:/Users/ohadv/Desktop/BubbleTrouble/BubbleTrouble/OurProject/leftArrowConst.v Line: 43
Error (12014): Net "TOP_KBD_DEMOALL:inst8|Key_val1[0]", which fans out to "TOP_KBD_DEMOALL:inst8|keyToggle_decoderIn:LeftArrow|KEY_VALUE[0]", cannot be assigned more than one value File: C:/Users/ohadv/Desktop/BubbleTrouble/BubbleTrouble/OurProject/RTL/KEYBOARD/keyToggle_decoderIn.sv Line: 13
    Error (12015): Net is fed by "TOP_KBD_DEMOALL:inst8|rightArrowConst:inst4|result[0]" File: C:/Users/ohadv/Desktop/BubbleTrouble/BubbleTrouble/OurProject/rightArrowConst.v Line: 43
    Error (12015): Net is fed by "TOP_KBD_DEMOALL:inst8|leftArrowConst:inst2|result[0]" File: C:/Users/ohadv/Desktop/BubbleTrouble/BubbleTrouble/OurProject/leftArrowConst.v Line: 43
Info (144001): Generated suppressed messages file C:/Users/ohadv/Desktop/BubbleTrouble/BubbleTrouble/OurProject/output_files/Lab1Demo.map.smsg
Error: Quartus Prime Analysis & Synthesis was unsuccessful. 27 errors, 13 warnings
    Error: Peak virtual memory: 4898 megabytes
    Error: Processing ended: Wed Apr 17 23:19:46 2019
    Error: Elapsed time: 00:00:29
    Error: Total CPU time (on all processors): 00:00:55


+------------------------------------------+
; Analysis & Synthesis Suppressed Messages ;
+------------------------------------------+
The suppressed messages can be found in C:/Users/ohadv/Desktop/BubbleTrouble/BubbleTrouble/OurProject/output_files/Lab1Demo.map.smsg.


