Flow report for Lab1Demo
Sat May 04 20:07:44 2019
Quartus Prime Version 17.0.0 Build 595 04/25/2017 SJ Standard Edition


---------------------
; Table of Contents ;
---------------------
  1. Legal Notice
  2. Flow Summary
  3. Flow Settings
  4. Flow Non-Default Global Settings
  5. Flow Elapsed Time
  6. Flow OS Summary
  7. Flow Log
  8. Flow Messages
  9. Flow Suppressed Messages



----------------
; Legal Notice ;
----------------
Copyright (C) 2017  Intel Corporation. All rights reserved.
Your use of Intel Corporation's design tools, logic functions 
and other software and tools, and its AMPP partner logic 
functions, and any output files from any of the foregoing 
(including device programming or simulation files), and any 
associated documentation or information are expressly subject 
to the terms and conditions of the Intel Program License 
Subscription Agreement, the Intel Quartus Prime License Agreement,
the Intel MegaCore Function License Agreement, or other 
applicable license agreement, including, without limitation, 
that your use is for the sole purpose of programming logic 
devices manufactured by Intel and sold by Intel or its 
authorized distributors.  Please refer to the applicable 
agreement for further details.



+-----------------------------------------------------------------------------------+
; Flow Summary                                                                      ;
+---------------------------------+-------------------------------------------------+
; Flow Status                     ; Successful - Sat May 04 20:07:44 2019           ;
; Quartus Prime Version           ; 17.0.0 Build 595 04/25/2017 SJ Standard Edition ;
; Revision Name                   ; Lab1Demo                                        ;
; Top-level Entity Name           ; TOP_VGA_DEMO_WITH_MSS_ALL                       ;
; Family                          ; Cyclone V                                       ;
; Device                          ; 5CSXFC6D6F31C6                                  ;
; Timing Models                   ; Final                                           ;
; Logic utilization (in ALMs)     ; 6,394 / 41,910 ( 15 % )                         ;
; Total registers                 ; 2168                                            ;
; Total pins                      ; 64 / 499 ( 13 % )                               ;
; Total virtual pins              ; 0                                               ;
; Total block memory bits         ; 0 / 5,662,720 ( 0 % )                           ;
; Total DSP Blocks                ; 3 / 112 ( 3 % )                                 ;
; Total HSSI RX PCSs              ; 0 / 9 ( 0 % )                                   ;
; Total HSSI PMA RX Deserializers ; 0 / 9 ( 0 % )                                   ;
; Total HSSI TX PCSs              ; 0 / 9 ( 0 % )                                   ;
; Total HSSI PMA TX Serializers   ; 0 / 9 ( 0 % )                                   ;
; Total PLLs                      ; 0 / 15 ( 0 % )                                  ;
; Total DLLs                      ; 0 / 4 ( 0 % )                                   ;
+---------------------------------+-------------------------------------------------+


+-----------------------------------------+
; Flow Settings                           ;
+-------------------+---------------------+
; Option            ; Setting             ;
+-------------------+---------------------+
; Start date & time ; 05/04/2019 19:31:51 ;
; Main task         ; Compilation         ;
; Revision Name     ; Lab1Demo            ;
+-------------------+---------------------+


+---------------------------------------------------------------------------------------------------------------------------------------+
; Flow Non-Default Global Settings                                                                                                      ;
+-------------------------------------+----------------------------------------+---------------+---------------------------+------------+
; Assignment Name                     ; Value                                  ; Default Value ; Entity Name               ; Section Id ;
+-------------------------------------+----------------------------------------+---------------+---------------------------+------------+
; COMPILER_SIGNATURE_ID               ; 48710646989442.155698751008752         ; --            ; --                        ; --         ;
; ENABLE_SIGNALTAP                    ; On                                     ; --            ; --                        ; --         ;
; MAX_CORE_JUNCTION_TEMP              ; 85                                     ; --            ; --                        ; --         ;
; MIN_CORE_JUNCTION_TEMP              ; 0                                      ; --            ; --                        ; --         ;
; MISC_FILE                           ; spaceBarConst.bsf                      ; --            ; --                        ; --         ;
; MISC_FILE                           ; spaceBarConst_bb.v                     ; --            ; --                        ; --         ;
; MISC_FILE                           ; rightArrowConst.bsf                    ; --            ; --                        ; --         ;
; MISC_FILE                           ; rightArrowConst_bb.v                   ; --            ; --                        ; --         ;
; MISC_FILE                           ; leftArrowConst.bsf                     ; --            ; --                        ; --         ;
; MISC_FILE                           ; leftArrowConst_bb.v                    ; --            ; --                        ; --         ;
; MISC_FILE                           ; zeroConst.bsf                          ; --            ; --                        ; --         ;
; MISC_FILE                           ; zeroConst_bb.v                         ; --            ; --                        ; --         ;
; MISC_FILE                           ; test.bsf                               ; --            ; --                        ; --         ;
; MISC_FILE                           ; test_bb.v                              ; --            ; --                        ; --         ;
; MISC_FILE                           ; test2.bsf                              ; --            ; --                        ; --         ;
; MISC_FILE                           ; test2_bb.v                             ; --            ; --                        ; --         ;
; MISC_FILE                           ; test3.bsf                              ; --            ; --                        ; --         ;
; MISC_FILE                           ; test3_bb.v                             ; --            ; --                        ; --         ;
; MISC_FILE                           ; test4.bsf                              ; --            ; --                        ; --         ;
; MISC_FILE                           ; test4_bb.v                             ; --            ; --                        ; --         ;
; MISC_FILE                           ; zeroConst16.bsf                        ; --            ; --                        ; --         ;
; MISC_FILE                           ; zeroConst16_bb.v                       ; --            ; --                        ; --         ;
; NUM_PARALLEL_PROCESSORS             ; All                                    ; --            ; --                        ; --         ;
; OUTPUT_IO_TIMING_FAR_END_VMEAS      ; Half Signal Swing                      ; --            ; --                        ; --         ;
; OUTPUT_IO_TIMING_FAR_END_VMEAS      ; Half Signal Swing                      ; --            ; --                        ; --         ;
; OUTPUT_IO_TIMING_NEAR_END_VMEAS     ; Half Vccio                             ; --            ; --                        ; --         ;
; OUTPUT_IO_TIMING_NEAR_END_VMEAS     ; Half Vccio                             ; --            ; --                        ; --         ;
; PARTITION_COLOR                     ; -- (Not supported for targeted family) ; --            ; TOP_VGA_DEMO_WITH_MSS_ALL ; Top        ;
; PARTITION_FITTER_PRESERVATION_LEVEL ; -- (Not supported for targeted family) ; --            ; TOP_VGA_DEMO_WITH_MSS_ALL ; Top        ;
; PARTITION_NETLIST_TYPE              ; -- (Not supported for targeted family) ; --            ; TOP_VGA_DEMO_WITH_MSS_ALL ; Top        ;
; POWER_BOARD_THERMAL_MODEL           ; None (CONSERVATIVE)                    ; --            ; --                        ; --         ;
; POWER_PRESET_COOLING_SOLUTION       ; 23 MM HEAT SINK WITH 200 LFPM AIRFLOW  ; --            ; --                        ; --         ;
; PROJECT_OUTPUT_DIRECTORY            ; output_files                           ; --            ; --                        ; --         ;
; SLD_FILE                            ; db/stp2_auto_stripped.stp              ; --            ; --                        ; --         ;
; SMART_RECOMPILE                     ; On                                     ; Off           ; --                        ; --         ;
; TOP_LEVEL_ENTITY                    ; TOP_VGA_DEMO_WITH_MSS_ALL              ; Lab1Demo      ; --                        ; --         ;
; USE_SIGNALTAP_FILE                  ; output_files/stp2.stp                  ; --            ; --                        ; --         ;
+-------------------------------------+----------------------------------------+---------------+---------------------------+------------+


+-------------------------------------------------------------------------------------------------------------------------------+
; Flow Elapsed Time                                                                                                             ;
+---------------------------+--------------+-------------------------+---------------------+------------------------------------+
; Module Name               ; Elapsed Time ; Average Processors Used ; Peak Virtual Memory ; Total CPU Time (on all processors) ;
+---------------------------+--------------+-------------------------+---------------------+------------------------------------+
; Analysis & Synthesis      ; 00:01:24     ; 1.0                     ; 891 MB              ; 00:01:33                           ;
; Fitter                    ; 00:01:59     ; 1.3                     ; 2676 MB             ; 00:04:45                           ;
; Assembler                 ; 00:00:21     ; 1.0                     ; 765 MB              ; 00:00:14                           ;
; TimeQuest Timing Analyzer ; 00:00:22     ; 1.9                     ; 1138 MB             ; 00:00:36                           ;
; EDA Netlist Writer        ; 00:00:03     ; 1.0                     ; 639 MB              ; 00:00:02                           ;
; EDA Netlist Writer        ; 00:00:02     ; 1.0                     ; 639 MB              ; 00:00:02                           ;
; EDA Netlist Writer        ; 00:00:03     ; 1.0                     ; 639 MB              ; 00:00:02                           ;
; EDA Netlist Writer        ; 00:00:03     ; 1.0                     ; 639 MB              ; 00:00:02                           ;
; EDA Netlist Writer        ; 00:00:02     ; 1.0                     ; 639 MB              ; 00:00:02                           ;
; EDA Netlist Writer        ; 00:00:03     ; 1.0                     ; 639 MB              ; 00:00:02                           ;
; EDA Netlist Writer        ; 00:00:03     ; 1.0                     ; 639 MB              ; 00:00:02                           ;
; EDA Netlist Writer        ; 00:00:11     ; 1.0                     ; 661 MB              ; 00:00:06                           ;
; EDA Netlist Writer        ; 00:00:02     ; 1.0                     ; 639 MB              ; 00:00:02                           ;
; EDA Netlist Writer        ; 00:00:14     ; 1.0                     ; 661 MB              ; 00:00:07                           ;
; EDA Netlist Writer        ; 00:00:02     ; 1.0                     ; 639 MB              ; 00:00:02                           ;
; EDA Netlist Writer        ; 00:00:14     ; 1.0                     ; 662 MB              ; 00:00:07                           ;
; Total                     ; 00:05:08     ; --                      ; --                  ; 00:07:46                           ;
+---------------------------+--------------+-------------------------+---------------------+------------------------------------+


+----------------------------------------------------------------------------------------+
; Flow OS Summary                                                                        ;
+---------------------------+------------------+-----------+------------+----------------+
; Module Name               ; Machine Hostname ; OS Name   ; OS Version ; Processor type ;
+---------------------------+------------------+-----------+------------+----------------+
; Analysis & Synthesis      ; ee-206-24        ; Windows 7 ; 6.1        ; x86_64         ;
; Fitter                    ; ee-206-24        ; Windows 7 ; 6.1        ; x86_64         ;
; Assembler                 ; ee-206-24        ; Windows 7 ; 6.1        ; x86_64         ;
; TimeQuest Timing Analyzer ; ee-206-24        ; Windows 7 ; 6.1        ; x86_64         ;
; EDA Netlist Writer        ; ee-206-24        ; Windows 7 ; 6.1        ; x86_64         ;
; EDA Netlist Writer        ; ee-206-24        ; Windows 7 ; 6.1        ; x86_64         ;
; EDA Netlist Writer        ; ee-206-24        ; Windows 7 ; 6.1        ; x86_64         ;
; EDA Netlist Writer        ; ee-206-24        ; Windows 7 ; 6.1        ; x86_64         ;
; EDA Netlist Writer        ; ee-206-24        ; Windows 7 ; 6.1        ; x86_64         ;
; EDA Netlist Writer        ; ee-206-24        ; Windows 7 ; 6.1        ; x86_64         ;
; EDA Netlist Writer        ; ee-206-24        ; Windows 7 ; 6.1        ; x86_64         ;
; EDA Netlist Writer        ; ee-206-24        ; Windows 7 ; 6.1        ; x86_64         ;
; EDA Netlist Writer        ; ee-206-24        ; Windows 7 ; 6.1        ; x86_64         ;
; EDA Netlist Writer        ; ee-206-24        ; Windows 7 ; 6.1        ; x86_64         ;
; EDA Netlist Writer        ; ee-206-24        ; Windows 7 ; 6.1        ; x86_64         ;
; EDA Netlist Writer        ; ee-206-24        ; Windows 7 ; 6.1        ; x86_64         ;
+---------------------------+------------------+-----------+------------+----------------+


------------
; Flow Log ;
------------
quartus_map --read_settings_files=on --write_settings_files=off projectTop -c Lab1Demo
quartus_fit --read_settings_files=off --write_settings_files=off projectTop -c Lab1Demo
quartus_asm --read_settings_files=off --write_settings_files=off projectTop -c Lab1Demo
quartus_sta projectTop -c Lab1Demo
quartus_eda --gen_testbench --tool=modelsim_oem --format=verilog --write_settings_files=off projectTop -c Lab1Demo --vector_source=Z:/BubbleTrouble/OurProject/Waveform.vwf --testbench_file=Z:/BubbleTrouble/OurProject/simulation/qsim/Waveform.vwf.vt
quartus_eda --gen_testbench --tool=modelsim_oem --format=verilog --write_settings_files=off projectTop -c Lab1Demo --vector_source=Z:/BubbleTrouble/OurProject/Waveform.vwf --testbench_file=Z:/BubbleTrouble/OurProject/simulation/qsim/Waveform.vwf.vt
quartus_eda --gen_testbench --tool=modelsim_oem --format=verilog --write_settings_files=off projectTop -c Lab1Demo --vector_source=Z:/BubbleTrouble/OurProject/Waveform.vwf --testbench_file=Z:/BubbleTrouble/OurProject/simulation/qsim/Waveform.vwf.vt
quartus_eda --gen_testbench --tool=modelsim_oem --format=verilog --write_settings_files=off projectTop -c Lab1Demo --vector_source=Z:/BubbleTrouble/OurProject/Waveform.vwf --testbench_file=Z:/BubbleTrouble/OurProject/simulation/qsim/Waveform.vwf.vt
quartus_eda --gen_testbench --tool=modelsim_oem --format=verilog --write_settings_files=off projectTop -c Lab1Demo --vector_source=Z:/BubbleTrouble/OurProject/Waveform.vwf --testbench_file=Z:/BubbleTrouble/OurProject/simulation/qsim/Waveform.vwf.vt
quartus_eda --gen_testbench --tool=modelsim_oem --format=verilog --write_settings_files=off projectTop -c Lab1Demo --vector_source=Z:/BubbleTrouble/OurProject/Waveform.vwf --testbench_file=Z:/BubbleTrouble/OurProject/simulation/qsim/Waveform.vwf.vt
quartus_eda --gen_testbench --tool=modelsim_oem --format=verilog --write_settings_files=off projectTop -c Lab1Demo --vector_source=Z:/BubbleTrouble/OurProject/Waveform.vwf --testbench_file=Z:/BubbleTrouble/OurProject/simulation/qsim/Waveform.vwf.vt
quartus_eda --write_settings_files=off --simulation=on --functional=on --flatten_buses=off --tool=modelsim_oem --format=verilog --output_directory=Z:/BubbleTrouble/OurProject/simulation/qsim/ projectTop -c Lab1Demo
quartus_eda --gen_testbench --tool=modelsim_oem --format=verilog --write_settings_files=off projectTop -c Lab1Demo --vector_source=Z:/BubbleTrouble/OurProject/Waveform.vwf --testbench_file=Z:/BubbleTrouble/OurProject/simulation/qsim/Waveform.vwf.vt
quartus_eda --write_settings_files=off --simulation=on --functional=on --flatten_buses=off --tool=modelsim_oem --format=verilog --output_directory=Z:/BubbleTrouble/OurProject/simulation/qsim/ projectTop -c Lab1Demo
quartus_eda --gen_testbench --tool=modelsim_oem --format=verilog --write_settings_files=off projectTop -c Lab1Demo --vector_source=Z:/BubbleTrouble/OurProject/Waveform.vwf --testbench_file=Z:/BubbleTrouble/OurProject/simulation/qsim/Waveform.vwf.vt
quartus_eda --write_settings_files=off --simulation=on --functional=on --flatten_buses=off --tool=modelsim_oem --format=verilog --output_directory=Z:/BubbleTrouble/OurProject/simulation/qsim/ projectTop -c Lab1Demo



